<?xml version="1.0" encoding="UTF-8"?>
<testng-results ignored="0" total="10" passed="5" failed="5" skipped="0">
  <reporter-output>
  </reporter-output>
  <suite started-at="2026-01-27T12:49:41 GMT+07:00" name="Default suite" finished-at="2026-01-27T12:49:42 GMT+07:00" duration-ms="779">
    <groups>
    </groups>
    <test started-at="2026-01-27T12:49:41 GMT+07:00" name="Default test" finished-at="2026-01-27T12:49:42 GMT+07:00" duration-ms="779">
      <class name="ql.net.dao.impl.NhanVienDaoImplTest">
        <test-method signature="TC_NhanVienDaoImpl_changePassword_DungMatKhauCu()[pri:0, instance:ql.net.dao.impl.NhanVienDaoImplTest@2f9f7dcf]" started-at="2026-01-27T12:49:41 GMT+07:00" name="TC_NhanVienDaoImpl_changePassword_DungMatKhauCu" finished-at="2026-01-27T12:49:42 GMT+07:00" duration-ms="624" status="FAIL">
          <exception class="java.lang.AssertionError">
            <message>
              <![CDATA[Đổi mật khẩu với mật khẩu cũ đúng phải trả true expected [true] but found [false]]]>
            </message>
            <full-stacktrace>
              <![CDATA[java.lang.AssertionError: Đổi mật khẩu với mật khẩu cũ đúng phải trả true expected [true] but found [false]
at org.testng.Assert.fail(Assert.java:111)
at org.testng.Assert.failNotEquals(Assert.java:1578)
at org.testng.Assert.assertTrue(Assert.java:57)
at ql.net.dao.impl.NhanVienDaoImplTest.TC_NhanVienDaoImpl_changePassword_DungMatKhauCu(NhanVienDaoImplTest.java:183)
at java.base/jdk.internal.reflect.DirectMethodHandleAccessor.invoke(DirectMethodHandleAccessor.java:103)
at java.base/java.lang.reflect.Method.invoke(Method.java:580)
at org.testng.internal.invokers.MethodInvocationHelper.invokeMethod(MethodInvocationHelper.java:139)
at org.testng.internal.invokers.TestInvoker.invokeMethod(TestInvoker.java:664)
at org.testng.internal.invokers.TestInvoker.invokeTestMethod(TestInvoker.java:228)
at org.testng.internal.invokers.MethodRunner.runInSequence(MethodRunner.java:63)
at org.testng.internal.invokers.TestInvoker$MethodInvocationAgent.invoke(TestInvoker.java:961)
at org.testng.internal.invokers.TestInvoker.invokeTestMethods(TestInvoker.java:201)
at org.testng.internal.invokers.TestMethodWorker.invokeTestMethods(TestMethodWorker.java:148)
at org.testng.internal.invokers.TestMethodWorker.run(TestMethodWorker.java:128)
at java.base/java.util.ArrayList.forEach(ArrayList.java:1597)
at org.testng.TestRunner.privateRun(TestRunner.java:819)
at org.testng.TestRunner.run(TestRunner.java:619)
at org.testng.SuiteRunner.runTest(SuiteRunner.java:443)
at org.testng.SuiteRunner.runSequentially(SuiteRunner.java:437)
at org.testng.SuiteRunner.privateRun(SuiteRunner.java:397)
at org.testng.SuiteRunner.run(SuiteRunner.java:336)
at org.testng.SuiteRunnerWorker.runSuite(SuiteRunnerWorker.java:52)
at org.testng.SuiteRunnerWorker.run(SuiteRunnerWorker.java:95)
at org.testng.TestNG.runSuitesSequentially(TestNG.java:1301)
at org.testng.TestNG.runSuitesLocally(TestNG.java:1228)
at org.testng.TestNG.runSuites(TestNG.java:1134)
at org.testng.TestNG.run(TestNG.java:1101)
at org.testng.remote.AbstractRemoteTestNG.run(AbstractRemoteTestNG.java:115)
at org.testng.remote.RemoteTestNG.initAndRun(RemoteTestNG.java:293)
at org.testng.remote.RemoteTestNG.main(RemoteTestNG.java:91)
]]>
            </full-stacktrace>
          </exception> <!-- java.lang.AssertionError -->
          <reporter-output>
          </reporter-output>
        </test-method> <!-- TC_NhanVienDaoImpl_changePassword_DungMatKhauCu -->
        <test-method signature="TC_NhanVienDaoImpl_changePassword_SaiMatKhauCu_Fail()[pri:0, instance:ql.net.dao.impl.NhanVienDaoImplTest@2f9f7dcf]" started-at="2026-01-27T12:49:42 GMT+07:00" name="TC_NhanVienDaoImpl_changePassword_SaiMatKhauCu_Fail" finished-at="2026-01-27T12:49:42 GMT+07:00" duration-ms="36" status="PASS">
          <reporter-output>
          </reporter-output>
        </test-method> <!-- TC_NhanVienDaoImpl_changePassword_SaiMatKhauCu_Fail -->
        <test-method signature="TC_NhanVienDaoImpl_insert_DuLieuHopLe()[pri:0, instance:ql.net.dao.impl.NhanVienDaoImplTest@2f9f7dcf]" started-at="2026-01-27T12:49:42 GMT+07:00" name="TC_NhanVienDaoImpl_insert_DuLieuHopLe" finished-at="2026-01-27T12:49:42 GMT+07:00" duration-ms="23" status="FAIL">
          <exception class="java.lang.RuntimeException">
            <message>
              <![CDATA[java.lang.RuntimeException: com.microsoft.sqlserver.jdbc.SQLServerException: Violation of PRIMARY KEY constraint 'PK__NhanVien__2725D70A91852B01'. Cannot insert duplicate key in object 'dbo.NhanVien'. The duplicate key value is (NV03).]]>
            </message>
            <full-stacktrace>
              <![CDATA[java.lang.RuntimeException: java.lang.RuntimeException: com.microsoft.sqlserver.jdbc.SQLServerException: Violation of PRIMARY KEY constraint 'PK__NhanVien__2725D70A91852B01'. Cannot insert duplicate key in object 'dbo.NhanVien'. The duplicate key value is (NV03).
at ql.net.dao.impl.NhanVienDaoImpl.insert(NhanVienDaoImpl.java:108)
at ql.net.dao.impl.NhanVienDaoImplTest.TC_NhanVienDaoImpl_insert_DuLieuHopLe(NhanVienDaoImplTest.java:131)
at java.base/jdk.internal.reflect.DirectMethodHandleAccessor.invoke(DirectMethodHandleAccessor.java:103)
at java.base/java.lang.reflect.Method.invoke(Method.java:580)
at org.testng.internal.invokers.MethodInvocationHelper.invokeMethod(MethodInvocationHelper.java:139)
at org.testng.internal.invokers.TestInvoker.invokeMethod(TestInvoker.java:664)
at org.testng.internal.invokers.TestInvoker.invokeTestMethod(TestInvoker.java:228)
at org.testng.internal.invokers.MethodRunner.runInSequence(MethodRunner.java:63)
at org.testng.internal.invokers.TestInvoker$MethodInvocationAgent.invoke(TestInvoker.java:961)
at org.testng.internal.invokers.TestInvoker.invokeTestMethods(TestInvoker.java:201)
at org.testng.internal.invokers.TestMethodWorker.invokeTestMethods(TestMethodWorker.java:148)
at org.testng.internal.invokers.TestMethodWorker.run(TestMethodWorker.java:128)
at java.base/java.util.ArrayList.forEach(ArrayList.java:1597)
at org.testng.TestRunner.privateRun(TestRunner.java:819)
at org.testng.TestRunner.run(TestRunner.java:619)
at org.testng.SuiteRunner.runTest(SuiteRunner.java:443)
at org.testng.SuiteRunner.runSequentially(SuiteRunner.java:437)
at org.testng.SuiteRunner.privateRun(SuiteRunner.java:397)
at org.testng.SuiteRunner.run(SuiteRunner.java:336)
at org.testng.SuiteRunnerWorker.runSuite(SuiteRunnerWorker.java:52)
at org.testng.SuiteRunnerWorker.run(SuiteRunnerWorker.java:95)
at org.testng.TestNG.runSuitesSequentially(TestNG.java:1301)
at org.testng.TestNG.runSuitesLocally(TestNG.java:1228)
at org.testng.TestNG.runSuites(TestNG.java:1134)
at org.testng.TestNG.run(TestNG.java:1101)
at org.testng.remote.AbstractRemoteTestNG.run(AbstractRemoteTestNG.java:115)
at org.testng.remote.RemoteTestNG.initAndRun(RemoteTestNG.java:293)
at org.testng.remote.RemoteTestNG.main(RemoteTestNG.java:91)
Caused by: java.lang.RuntimeException: com.microsoft.sqlserver.jdbc.SQLServerException: Violation of PRIMARY KEY constraint 'PK__NhanVien__2725D70A91852B01'. Cannot insert duplicate key in object 'dbo.NhanVien'. The duplicate key value is (NV03).
at ql.net.util.XJdbc.executeUpdate(XJdbc.java:87)
at ql.net.dao.impl.NhanVienDaoImpl.insert(NhanVienDaoImpl.java:96)
... 27 more
Caused by: com.microsoft.sqlserver.jdbc.SQLServerException: Violation of PRIMARY KEY constraint 'PK__NhanVien__2725D70A91852B01'. Cannot insert duplicate key in object 'dbo.NhanVien'. The duplicate key value is (NV03).
at com.microsoft.sqlserver.jdbc.SQLServerException.makeFromDatabaseError(SQLServerException.java:270)
at com.microsoft.sqlserver.jdbc.SQLServerStatement.getNextResult(SQLServerStatement.java:1735)
at com.microsoft.sqlserver.jdbc.SQLServerPreparedStatement.doExecutePreparedStatement(SQLServerPreparedStatement.java:675)
at com.microsoft.sqlserver.jdbc.SQLServerPreparedStatement$PrepStmtExecCmd.doExecute(SQLServerPreparedStatement.java:594)
at com.microsoft.sqlserver.jdbc.TDSCommand.execute(IOBuffer.java:7745)
at com.microsoft.sqlserver.jdbc.SQLServerConnection.executeCommand(SQLServerConnection.java:4391)
at com.microsoft.sqlserver.jdbc.SQLServerStatement.executeCommand(SQLServerStatement.java:276)
at com.microsoft.sqlserver.jdbc.SQLServerStatement.executeStatement(SQLServerStatement.java:246)
at com.microsoft.sqlserver.jdbc.SQLServerPreparedStatement.executeUpdate(SQLServerPreparedStatement.java:537)
at ql.net.util.XJdbc.executeUpdate(XJdbc.java:85)
... 28 more
]]>
            </full-stacktrace>
          </exception> <!-- java.lang.RuntimeException -->
          <reporter-output>
          </reporter-output>
        </test-method> <!-- TC_NhanVienDaoImpl_insert_DuLieuHopLe -->
        <test-method signature="TC_NhanVienDaoImpl_insert_TrungKhoaChinh_Fail()[pri:0, instance:ql.net.dao.impl.NhanVienDaoImplTest@2f9f7dcf]" started-at="2026-01-27T12:49:42 GMT+07:00" name="TC_NhanVienDaoImpl_insert_TrungKhoaChinh_Fail" finished-at="2026-01-27T12:49:42 GMT+07:00" duration-ms="4" status="FAIL">
          <exception class="java.lang.AssertionError">
            <message>
              <![CDATA[Thiết kế mong muốn xử lý mềm, không ném RuntimeException thô]]>
            </message>
            <full-stacktrace>
              <![CDATA[java.lang.AssertionError: Thiết kế mong muốn xử lý mềm, không ném RuntimeException thô
at org.testng.Assert.fail(Assert.java:111)
at ql.net.dao.impl.NhanVienDaoImplTest.TC_NhanVienDaoImpl_insert_TrungKhoaChinh_Fail(NhanVienDaoImplTest.java:167)
at java.base/jdk.internal.reflect.DirectMethodHandleAccessor.invoke(DirectMethodHandleAccessor.java:103)
at java.base/java.lang.reflect.Method.invoke(Method.java:580)
at org.testng.internal.invokers.MethodInvocationHelper.invokeMethod(MethodInvocationHelper.java:139)
at org.testng.internal.invokers.TestInvoker.invokeMethod(TestInvoker.java:664)
at org.testng.internal.invokers.TestInvoker.invokeTestMethod(TestInvoker.java:228)
at org.testng.internal.invokers.MethodRunner.runInSequence(MethodRunner.java:63)
at org.testng.internal.invokers.TestInvoker$MethodInvocationAgent.invoke(TestInvoker.java:961)
at org.testng.internal.invokers.TestInvoker.invokeTestMethods(TestInvoker.java:201)
at org.testng.internal.invokers.TestMethodWorker.invokeTestMethods(TestMethodWorker.java:148)
at org.testng.internal.invokers.TestMethodWorker.run(TestMethodWorker.java:128)
at java.base/java.util.ArrayList.forEach(ArrayList.java:1597)
at org.testng.TestRunner.privateRun(TestRunner.java:819)
at org.testng.TestRunner.run(TestRunner.java:619)
at org.testng.SuiteRunner.runTest(SuiteRunner.java:443)
at org.testng.SuiteRunner.runSequentially(SuiteRunner.java:437)
at org.testng.SuiteRunner.privateRun(SuiteRunner.java:397)
at org.testng.SuiteRunner.run(SuiteRunner.java:336)
at org.testng.SuiteRunnerWorker.runSuite(SuiteRunnerWorker.java:52)
at org.testng.SuiteRunnerWorker.run(SuiteRunnerWorker.java:95)
at org.testng.TestNG.runSuitesSequentially(TestNG.java:1301)
at org.testng.TestNG.runSuitesLocally(TestNG.java:1228)
at org.testng.TestNG.runSuites(TestNG.java:1134)
at org.testng.TestNG.run(TestNG.java:1101)
at org.testng.remote.AbstractRemoteTestNG.run(AbstractRemoteTestNG.java:115)
at org.testng.remote.RemoteTestNG.initAndRun(RemoteTestNG.java:293)
at org.testng.remote.RemoteTestNG.main(RemoteTestNG.java:91)
]]>
            </full-stacktrace>
          </exception> <!-- java.lang.AssertionError -->
          <reporter-output>
          </reporter-output>
        </test-method> <!-- TC_NhanVienDaoImpl_insert_TrungKhoaChinh_Fail -->
        <test-method signature="TC_NhanVienDaoImpl_login_SaiMatKhau_Fail()[pri:0, instance:ql.net.dao.impl.NhanVienDaoImplTest@2f9f7dcf]" started-at="2026-01-27T12:49:42 GMT+07:00" name="TC_NhanVienDaoImpl_login_SaiMatKhau_Fail" finished-at="2026-01-27T12:49:42 GMT+07:00" duration-ms="10" status="PASS">
          <reporter-output>
          </reporter-output>
        </test-method> <!-- TC_NhanVienDaoImpl_login_SaiMatKhau_Fail -->
        <test-method signature="TC_NhanVienDaoImpl_login_ThongTinDung()[pri:0, instance:ql.net.dao.impl.NhanVienDaoImplTest@2f9f7dcf]" started-at="2026-01-27T12:49:42 GMT+07:00" name="TC_NhanVienDaoImpl_login_ThongTinDung" finished-at="2026-01-27T12:49:42 GMT+07:00" duration-ms="2" status="FAIL">
          <exception class="java.lang.AssertionError">
            <message>
              <![CDATA[Đăng nhập đúng phải trả về NhanVien expected object to not be null]]>
            </message>
            <full-stacktrace>
              <![CDATA[java.lang.AssertionError: Đăng nhập đúng phải trả về NhanVien expected object to not be null
at org.testng.Assert.fail(Assert.java:111)
at org.testng.Assert.assertNotNull(Assert.java:1484)
at ql.net.dao.impl.NhanVienDaoImplTest.TC_NhanVienDaoImpl_login_ThongTinDung(NhanVienDaoImplTest.java:92)
at java.base/jdk.internal.reflect.DirectMethodHandleAccessor.invoke(DirectMethodHandleAccessor.java:103)
at java.base/java.lang.reflect.Method.invoke(Method.java:580)
at org.testng.internal.invokers.MethodInvocationHelper.invokeMethod(MethodInvocationHelper.java:139)
at org.testng.internal.invokers.TestInvoker.invokeMethod(TestInvoker.java:664)
at org.testng.internal.invokers.TestInvoker.invokeTestMethod(TestInvoker.java:228)
at org.testng.internal.invokers.MethodRunner.runInSequence(MethodRunner.java:63)
at org.testng.internal.invokers.TestInvoker$MethodInvocationAgent.invoke(TestInvoker.java:961)
at org.testng.internal.invokers.TestInvoker.invokeTestMethods(TestInvoker.java:201)
at org.testng.internal.invokers.TestMethodWorker.invokeTestMethods(TestMethodWorker.java:148)
at org.testng.internal.invokers.TestMethodWorker.run(TestMethodWorker.java:128)
at java.base/java.util.ArrayList.forEach(ArrayList.java:1597)
at org.testng.TestRunner.privateRun(TestRunner.java:819)
at org.testng.TestRunner.run(TestRunner.java:619)
at org.testng.SuiteRunner.runTest(SuiteRunner.java:443)
at org.testng.SuiteRunner.runSequentially(SuiteRunner.java:437)
at org.testng.SuiteRunner.privateRun(SuiteRunner.java:397)
at org.testng.SuiteRunner.run(SuiteRunner.java:336)
at org.testng.SuiteRunnerWorker.runSuite(SuiteRunnerWorker.java:52)
at org.testng.SuiteRunnerWorker.run(SuiteRunnerWorker.java:95)
at org.testng.TestNG.runSuitesSequentially(TestNG.java:1301)
at org.testng.TestNG.runSuitesLocally(TestNG.java:1228)
at org.testng.TestNG.runSuites(TestNG.java:1134)
at org.testng.TestNG.run(TestNG.java:1101)
at org.testng.remote.AbstractRemoteTestNG.run(AbstractRemoteTestNG.java:115)
at org.testng.remote.RemoteTestNG.initAndRun(RemoteTestNG.java:293)
at org.testng.remote.RemoteTestNG.main(RemoteTestNG.java:91)
]]>
            </full-stacktrace>
          </exception> <!-- java.lang.AssertionError -->
          <reporter-output>
          </reporter-output>
        </test-method> <!-- TC_NhanVienDaoImpl_login_ThongTinDung -->
        <test-method signature="TC_NhanVienDaoImpl_selectAll_BangRong_Fail()[pri:0, instance:ql.net.dao.impl.NhanVienDaoImplTest@2f9f7dcf]" started-at="2026-01-27T12:49:42 GMT+07:00" name="TC_NhanVienDaoImpl_selectAll_BangRong_Fail" finished-at="2026-01-27T12:49:42 GMT+07:00" duration-ms="5" status="FAIL">
          <exception class="java.lang.AssertionError">
            <message>
              <![CDATA[Khi bảng rỗng phải trả về danh sách size = 0 expected [0] but found [3]]]>
            </message>
            <full-stacktrace>
              <![CDATA[java.lang.AssertionError: Khi bảng rỗng phải trả về danh sách size = 0 expected [0] but found [3]
at org.testng.Assert.fail(Assert.java:111)
at org.testng.Assert.failNotEquals(Assert.java:1578)
at org.testng.Assert.assertEqualsImpl(Assert.java:150)
at org.testng.Assert.assertEquals(Assert.java:132)
at org.testng.Assert.assertEquals(Assert.java:1419)
at org.testng.Assert.assertEquals(Assert.java:1383)
at ql.net.dao.impl.NhanVienDaoImplTest.TC_NhanVienDaoImpl_selectAll_BangRong_Fail(NhanVienDaoImplTest.java:52)
at java.base/jdk.internal.reflect.DirectMethodHandleAccessor.invoke(DirectMethodHandleAccessor.java:103)
at java.base/java.lang.reflect.Method.invoke(Method.java:580)
at org.testng.internal.invokers.MethodInvocationHelper.invokeMethod(MethodInvocationHelper.java:139)
at org.testng.internal.invokers.TestInvoker.invokeMethod(TestInvoker.java:664)
at org.testng.internal.invokers.TestInvoker.invokeTestMethod(TestInvoker.java:228)
at org.testng.internal.invokers.MethodRunner.runInSequence(MethodRunner.java:63)
at org.testng.internal.invokers.TestInvoker$MethodInvocationAgent.invoke(TestInvoker.java:961)
at org.testng.internal.invokers.TestInvoker.invokeTestMethods(TestInvoker.java:201)
at org.testng.internal.invokers.TestMethodWorker.invokeTestMethods(TestMethodWorker.java:148)
at org.testng.internal.invokers.TestMethodWorker.run(TestMethodWorker.java:128)
at java.base/java.util.ArrayList.forEach(ArrayList.java:1597)
at org.testng.TestRunner.privateRun(TestRunner.java:819)
at org.testng.TestRunner.run(TestRunner.java:619)
at org.testng.SuiteRunner.runTest(SuiteRunner.java:443)
at org.testng.SuiteRunner.runSequentially(SuiteRunner.java:437)
at org.testng.SuiteRunner.privateRun(SuiteRunner.java:397)
at org.testng.SuiteRunner.run(SuiteRunner.java:336)
at org.testng.SuiteRunnerWorker.runSuite(SuiteRunnerWorker.java:52)
at org.testng.SuiteRunnerWorker.run(SuiteRunnerWorker.java:95)
at org.testng.TestNG.runSuitesSequentially(TestNG.java:1301)
at org.testng.TestNG.runSuitesLocally(TestNG.java:1228)
at org.testng.TestNG.runSuites(TestNG.java:1134)
at org.testng.TestNG.run(TestNG.java:1101)
at org.testng.remote.AbstractRemoteTestNG.run(AbstractRemoteTestNG.java:115)
at org.testng.remote.RemoteTestNG.initAndRun(RemoteTestNG.java:293)
at org.testng.remote.RemoteTestNG.main(RemoteTestNG.java:91)
]]>
            </full-stacktrace>
          </exception> <!-- java.lang.AssertionError -->
          <reporter-output>
          </reporter-output>
        </test-method> <!-- TC_NhanVienDaoImpl_selectAll_BangRong_Fail -->
        <test-method signature="TC_NhanVienDaoImpl_selectAll_DuLieuMacDinh()[pri:0, instance:ql.net.dao.impl.NhanVienDaoImplTest@2f9f7dcf]" started-at="2026-01-27T12:49:42 GMT+07:00" name="TC_NhanVienDaoImpl_selectAll_DuLieuMacDinh" finished-at="2026-01-27T12:49:42 GMT+07:00" duration-ms="4" status="PASS">
          <reporter-output>
          </reporter-output>
        </test-method> <!-- TC_NhanVienDaoImpl_selectAll_DuLieuMacDinh -->
        <test-method signature="TC_NhanVienDaoImpl_selectById_KhongTonTai_Fail()[pri:0, instance:ql.net.dao.impl.NhanVienDaoImplTest@2f9f7dcf]" started-at="2026-01-27T12:49:42 GMT+07:00" name="TC_NhanVienDaoImpl_selectById_KhongTonTai_Fail" finished-at="2026-01-27T12:49:42 GMT+07:00" duration-ms="2" status="PASS">
          <reporter-output>
          </reporter-output>
        </test-method> <!-- TC_NhanVienDaoImpl_selectById_KhongTonTai_Fail -->
        <test-method signature="TC_NhanVienDaoImpl_selectById_TonTai()[pri:0, instance:ql.net.dao.impl.NhanVienDaoImplTest@2f9f7dcf]" started-at="2026-01-27T12:49:42 GMT+07:00" name="TC_NhanVienDaoImpl_selectById_TonTai" finished-at="2026-01-27T12:49:42 GMT+07:00" duration-ms="3" status="PASS">
          <reporter-output>
          </reporter-output>
        </test-method> <!-- TC_NhanVienDaoImpl_selectById_TonTai -->
      </class> <!-- ql.net.dao.impl.NhanVienDaoImplTest -->
    </test> <!-- Default test -->
  </suite> <!-- Default suite -->
</testng-results>
