<?xml version="1.0" encoding="UTF-8"?>
<!-- Generated by org.testng.reporters.JUnitReportReporter -->
<testsuite hostname="DESKTOP-IK5O6FA" failures="4" tests="10" name="ql.net.dao.impl.PhienSuDungDaoImplTest" time="1.032" errors="1" timestamp="2026-01-26T18:15:59 GMT+07:00" skipped="0">
  <testcase classname="ql.net.dao.impl.PhienSuDungDaoImplTest" name="TC_PhienSuDungDaoImpl_updateTrangThai_KetThucPhien" time="0.006"/>
  <testcase classname="ql.net.dao.impl.PhienSuDungDaoImplTest" name="TC_PhienSuDungDaoImpl_selectPhienDangSuDung_NhieuPhien_Fail" time="0.007">
    <failure message="Thiết kế mong muốn: logic phải được cải tiến để không có 2 phiên song song expected object to not be null" type="java.lang.AssertionError">
      <![CDATA[java.lang.AssertionError: Thiết kế mong muốn: logic phải được cải tiến để không có 2 phiên song song expected object to not be null
at org.testng.Assert.fail(Assert.java:111)
at org.testng.Assert.assertNotNull(Assert.java:1484)
at ql.net.dao.impl.PhienSuDungDaoImplTest.TC_PhienSuDungDaoImpl_selectPhienDangSuDung_NhieuPhien_Fail(PhienSuDungDaoImplTest.java:75)
at java.base/jdk.internal.reflect.DirectMethodHandleAccessor.invoke(DirectMethodHandleAccessor.java:103)
at java.base/java.lang.reflect.Method.invoke(Method.java:580)
at org.testng.internal.invokers.MethodInvocationHelper.invokeMethod(MethodInvocationHelper.java:139)
at org.testng.internal.invokers.TestInvoker.invokeMethod(TestInvoker.java:664)
at org.testng.internal.invokers.TestInvoker.invokeTestMethod(TestInvoker.java:228)
at org.testng.internal.invokers.MethodRunner.runInSequence(MethodRunner.java:63)
at org.testng.internal.invokers.TestInvoker$MethodInvocationAgent.invoke(TestInvoker.java:961)
at org.testng.internal.invokers.TestInvoker.invokeTestMethods(TestInvoker.java:201)
at org.testng.internal.invokers.TestMethodWorker.invokeTestMethods(TestMethodWorker.java:148)
at org.testng.internal.invokers.TestMethodWorker.run(TestMethodWorker.java:128)
at java.base/java.util.ArrayList.forEach(ArrayList.java:1597)
at org.testng.TestRunner.privateRun(TestRunner.java:819)
at org.testng.TestRunner.run(TestRunner.java:619)
at org.testng.SuiteRunner.runTest(SuiteRunner.java:443)
at org.testng.SuiteRunner.runSequentially(SuiteRunner.java:437)
at org.testng.SuiteRunner.privateRun(SuiteRunner.java:397)
at org.testng.SuiteRunner.run(SuiteRunner.java:336)
at org.testng.SuiteRunnerWorker.runSuite(SuiteRunnerWorker.java:52)
at org.testng.SuiteRunnerWorker.run(SuiteRunnerWorker.java:95)
at org.testng.TestNG.runSuitesSequentially(TestNG.java:1301)
at org.testng.TestNG.runSuitesLocally(TestNG.java:1228)
at org.testng.TestNG.runSuites(TestNG.java:1134)
at org.testng.TestNG.run(TestNG.java:1101)
at org.testng.remote.AbstractRemoteTestNG.run(AbstractRemoteTestNG.java:115)
at org.testng.remote.RemoteTestNG.initAndRun(RemoteTestNG.java:293)
at org.testng.remote.RemoteTestNG.main(RemoteTestNG.java:91)
]]>
    </failure>
  </testcase> <!-- TC_PhienSuDungDaoImpl_selectPhienDangSuDung_NhieuPhien_Fail -->
  <testcase classname="ql.net.dao.impl.PhienSuDungDaoImplTest" name="TC_PhienSuDungDaoImpl_selectByMaMay_SQLInjection_Fail" time="0.002"/>
  <testcase classname="ql.net.dao.impl.PhienSuDungDaoImplTest" name="TC_PhienSuDungDaoImpl_selectByDateRange_BienNgay_Fail" time="0.054"/>
  <testcase classname="ql.net.dao.impl.PhienSuDungDaoImplTest" name="TC_PhienSuDungDaoImpl_selectByMaMay_History" time="0.007"/>
  <testcase classname="ql.net.dao.impl.PhienSuDungDaoImplTest" name="TC_PhienSuDungDaoImpl_selectByDateRange_TrongKhoang" time="0.004"/>
  <testcase classname="ql.net.dao.impl.PhienSuDungDaoImplTest" name="TC_PhienSuDungDaoImpl_selectPhienDangSuDung_MayCoPhien" time="0.019">
    <failure message="Máy MT04 đang có phiên sử dụng phải trả về PhienSuDung expected object to not be null" type="java.lang.AssertionError">
      <![CDATA[java.lang.AssertionError: Máy MT04 đang có phiên sử dụng phải trả về PhienSuDung expected object to not be null
at org.testng.Assert.fail(Assert.java:111)
at org.testng.Assert.assertNotNull(Assert.java:1484)
at ql.net.dao.impl.PhienSuDungDaoImplTest.TC_PhienSuDungDaoImpl_selectPhienDangSuDung_MayCoPhien(PhienSuDungDaoImplTest.java:65)
at java.base/jdk.internal.reflect.DirectMethodHandleAccessor.invoke(DirectMethodHandleAccessor.java:103)
at java.base/java.lang.reflect.Method.invoke(Method.java:580)
at org.testng.internal.invokers.MethodInvocationHelper.invokeMethod(MethodInvocationHelper.java:139)
at org.testng.internal.invokers.TestInvoker.invokeMethod(TestInvoker.java:664)
at org.testng.internal.invokers.TestInvoker.invokeTestMethod(TestInvoker.java:228)
at org.testng.internal.invokers.MethodRunner.runInSequence(MethodRunner.java:63)
at org.testng.internal.invokers.TestInvoker$MethodInvocationAgent.invoke(TestInvoker.java:961)
at org.testng.internal.invokers.TestInvoker.invokeTestMethods(TestInvoker.java:201)
at org.testng.internal.invokers.TestMethodWorker.invokeTestMethods(TestMethodWorker.java:148)
at org.testng.internal.invokers.TestMethodWorker.run(TestMethodWorker.java:128)
at java.base/java.util.ArrayList.forEach(ArrayList.java:1597)
at org.testng.TestRunner.privateRun(TestRunner.java:819)
at org.testng.TestRunner.run(TestRunner.java:619)
at org.testng.SuiteRunner.runTest(SuiteRunner.java:443)
at org.testng.SuiteRunner.runSequentially(SuiteRunner.java:437)
at org.testng.SuiteRunner.privateRun(SuiteRunner.java:397)
at org.testng.SuiteRunner.run(SuiteRunner.java:336)
at org.testng.SuiteRunnerWorker.runSuite(SuiteRunnerWorker.java:52)
at org.testng.SuiteRunnerWorker.run(SuiteRunnerWorker.java:95)
at org.testng.TestNG.runSuitesSequentially(TestNG.java:1301)
at org.testng.TestNG.runSuitesLocally(TestNG.java:1228)
at org.testng.TestNG.runSuites(TestNG.java:1134)
at org.testng.TestNG.run(TestNG.java:1101)
at org.testng.remote.AbstractRemoteTestNG.run(AbstractRemoteTestNG.java:115)
at org.testng.remote.RemoteTestNG.initAndRun(RemoteTestNG.java:293)
at org.testng.remote.RemoteTestNG.main(RemoteTestNG.java:91)
]]>
    </failure>
  </testcase> <!-- TC_PhienSuDungDaoImpl_selectPhienDangSuDung_MayCoPhien -->
  <testcase classname="ql.net.dao.impl.PhienSuDungDaoImplTest" name="TC_PhienSuDungDaoImpl_insert_PhiênMoiHopLe" time="0.912">
    <error message="java.lang.RuntimeException: com.microsoft.sqlserver.jdbc.SQLServerException: Violation of PRIMARY KEY constraint &#039;PK__PhienSuD__2660BFEFE85A3FDB&#039;. Cannot insert duplicate key in object &#039;dbo.PhienSuDung&#039;. The duplicate key value is (PS07)." type="java.lang.RuntimeException">
      <![CDATA[java.lang.RuntimeException: java.lang.RuntimeException: com.microsoft.sqlserver.jdbc.SQLServerException: Violation of PRIMARY KEY constraint 'PK__PhienSuD__2660BFEFE85A3FDB'. Cannot insert duplicate key in object 'dbo.PhienSuDung'. The duplicate key value is (PS07).
at ql.net.dao.impl.PhienSuDungDaoImpl.insert(PhienSuDungDaoImpl.java:165)
at ql.net.dao.impl.PhienSuDungDaoImplTest.TC_PhienSuDungDaoImpl_insert_PhiênMoiHopLe(PhienSuDungDaoImplTest.java:33)
at java.base/jdk.internal.reflect.DirectMethodHandleAccessor.invoke(DirectMethodHandleAccessor.java:103)
at java.base/java.lang.reflect.Method.invoke(Method.java:580)
at org.testng.internal.invokers.MethodInvocationHelper.invokeMethod(MethodInvocationHelper.java:139)
at org.testng.internal.invokers.TestInvoker.invokeMethod(TestInvoker.java:664)
at org.testng.internal.invokers.TestInvoker.invokeTestMethod(TestInvoker.java:228)
at org.testng.internal.invokers.MethodRunner.runInSequence(MethodRunner.java:63)
at org.testng.internal.invokers.TestInvoker$MethodInvocationAgent.invoke(TestInvoker.java:961)
at org.testng.internal.invokers.TestInvoker.invokeTestMethods(TestInvoker.java:201)
at org.testng.internal.invokers.TestMethodWorker.invokeTestMethods(TestMethodWorker.java:148)
at org.testng.internal.invokers.TestMethodWorker.run(TestMethodWorker.java:128)
at java.base/java.util.ArrayList.forEach(ArrayList.java:1597)
at org.testng.TestRunner.privateRun(TestRunner.java:819)
at org.testng.TestRunner.run(TestRunner.java:619)
at org.testng.SuiteRunner.runTest(SuiteRunner.java:443)
at org.testng.SuiteRunner.runSequentially(SuiteRunner.java:437)
at org.testng.SuiteRunner.privateRun(SuiteRunner.java:397)
at org.testng.SuiteRunner.run(SuiteRunner.java:336)
at org.testng.SuiteRunnerWorker.runSuite(SuiteRunnerWorker.java:52)
at org.testng.SuiteRunnerWorker.run(SuiteRunnerWorker.java:95)
at org.testng.TestNG.runSuitesSequentially(TestNG.java:1301)
at org.testng.TestNG.runSuitesLocally(TestNG.java:1228)
at org.testng.TestNG.runSuites(TestNG.java:1134)
at org.testng.TestNG.run(TestNG.java:1101)
at org.testng.remote.AbstractRemoteTestNG.run(AbstractRemoteTestNG.java:115)
at org.testng.remote.RemoteTestNG.initAndRun(RemoteTestNG.java:293)
at org.testng.remote.RemoteTestNG.main(RemoteTestNG.java:91)
Caused by: java.lang.RuntimeException: com.microsoft.sqlserver.jdbc.SQLServerException: Violation of PRIMARY KEY constraint 'PK__PhienSuD__2660BFEFE85A3FDB'. Cannot insert duplicate key in object 'dbo.PhienSuDung'. The duplicate key value is (PS07).
at ql.net.util.XJdbc.executeUpdate(XJdbc.java:87)
at ql.net.dao.impl.PhienSuDungDaoImpl.insert(PhienSuDungDaoImpl.java:151)
... 27 more
Caused by: com.microsoft.sqlserver.jdbc.SQLServerException: Violation of PRIMARY KEY constraint 'PK__PhienSuD__2660BFEFE85A3FDB'. Cannot insert duplicate key in object 'dbo.PhienSuDung'. The duplicate key value is (PS07).
at com.microsoft.sqlserver.jdbc.SQLServerException.makeFromDatabaseError(SQLServerException.java:270)
at com.microsoft.sqlserver.jdbc.SQLServerStatement.getNextResult(SQLServerStatement.java:1735)
at com.microsoft.sqlserver.jdbc.SQLServerPreparedStatement.doExecutePreparedStatement(SQLServerPreparedStatement.java:675)
at com.microsoft.sqlserver.jdbc.SQLServerPreparedStatement$PrepStmtExecCmd.doExecute(SQLServerPreparedStatement.java:594)
at com.microsoft.sqlserver.jdbc.TDSCommand.execute(IOBuffer.java:7745)
at com.microsoft.sqlserver.jdbc.SQLServerConnection.executeCommand(SQLServerConnection.java:4391)
at com.microsoft.sqlserver.jdbc.SQLServerStatement.executeCommand(SQLServerStatement.java:276)
at com.microsoft.sqlserver.jdbc.SQLServerStatement.executeStatement(SQLServerStatement.java:246)
at com.microsoft.sqlserver.jdbc.SQLServerPreparedStatement.executeUpdate(SQLServerPreparedStatement.java:537)
at ql.net.util.XJdbc.executeUpdate(XJdbc.java:85)
... 28 more
]]>
    </error>
  </testcase> <!-- TC_PhienSuDungDaoImpl_insert_PhiênMoiHopLe -->
  <testcase classname="ql.net.dao.impl.PhienSuDungDaoImplTest" name="TC_PhienSuDungDaoImpl_insert_TrungMaPhien_Fail" time="0.008">
    <failure message="Nên trả false hoặc lỗi nghiệp vụ rõ ràng, không RuntimeException thô" type="java.lang.AssertionError">
      <![CDATA[java.lang.AssertionError: Nên trả false hoặc lỗi nghiệp vụ rõ ràng, không RuntimeException thô
at org.testng.Assert.fail(Assert.java:111)
at ql.net.dao.impl.PhienSuDungDaoImplTest.TC_PhienSuDungDaoImpl_insert_TrungMaPhien_Fail(PhienSuDungDaoImplTest.java:57)
at java.base/jdk.internal.reflect.DirectMethodHandleAccessor.invoke(DirectMethodHandleAccessor.java:103)
at java.base/java.lang.reflect.Method.invoke(Method.java:580)
at org.testng.internal.invokers.MethodInvocationHelper.invokeMethod(MethodInvocationHelper.java:139)
at org.testng.internal.invokers.TestInvoker.invokeMethod(TestInvoker.java:664)
at org.testng.internal.invokers.TestInvoker.invokeTestMethod(TestInvoker.java:228)
at org.testng.internal.invokers.MethodRunner.runInSequence(MethodRunner.java:63)
at org.testng.internal.invokers.TestInvoker$MethodInvocationAgent.invoke(TestInvoker.java:961)
at org.testng.internal.invokers.TestInvoker.invokeTestMethods(TestInvoker.java:201)
at org.testng.internal.invokers.TestMethodWorker.invokeTestMethods(TestMethodWorker.java:148)
at org.testng.internal.invokers.TestMethodWorker.run(TestMethodWorker.java:128)
at java.base/java.util.ArrayList.forEach(ArrayList.java:1597)
at org.testng.TestRunner.privateRun(TestRunner.java:819)
at org.testng.TestRunner.run(TestRunner.java:619)
at org.testng.SuiteRunner.runTest(SuiteRunner.java:443)
at org.testng.SuiteRunner.runSequentially(SuiteRunner.java:437)
at org.testng.SuiteRunner.privateRun(SuiteRunner.java:397)
at org.testng.SuiteRunner.run(SuiteRunner.java:336)
at org.testng.SuiteRunnerWorker.runSuite(SuiteRunnerWorker.java:52)
at org.testng.SuiteRunnerWorker.run(SuiteRunnerWorker.java:95)
at org.testng.TestNG.runSuitesSequentially(TestNG.java:1301)
at org.testng.TestNG.runSuitesLocally(TestNG.java:1228)
at org.testng.TestNG.runSuites(TestNG.java:1134)
at org.testng.TestNG.run(TestNG.java:1101)
at org.testng.remote.AbstractRemoteTestNG.run(AbstractRemoteTestNG.java:115)
at org.testng.remote.RemoteTestNG.initAndRun(RemoteTestNG.java:293)
at org.testng.remote.RemoteTestNG.main(RemoteTestNG.java:91)
]]>
    </failure>
  </testcase> <!-- TC_PhienSuDungDaoImpl_insert_TrungMaPhien_Fail -->
  <testcase classname="ql.net.dao.impl.PhienSuDungDaoImplTest" name="TC_PhienSuDungDaoImpl_updateTrangThai_GiaTriSai_Fail" time="0.013">
    <failure message="Không được chấp nhận trạng thái không hợp lệ expected [false] but found [true]" type="java.lang.AssertionError">
      <![CDATA[java.lang.AssertionError: Không được chấp nhận trạng thái không hợp lệ expected [false] but found [true]
at org.testng.Assert.fail(Assert.java:111)
at org.testng.Assert.failNotEquals(Assert.java:1578)
at org.testng.Assert.assertFalse(Assert.java:79)
at ql.net.dao.impl.PhienSuDungDaoImplTest.TC_PhienSuDungDaoImpl_updateTrangThai_GiaTriSai_Fail(PhienSuDungDaoImplTest.java:92)
at java.base/jdk.internal.reflect.DirectMethodHandleAccessor.invoke(DirectMethodHandleAccessor.java:103)
at java.base/java.lang.reflect.Method.invoke(Method.java:580)
at org.testng.internal.invokers.MethodInvocationHelper.invokeMethod(MethodInvocationHelper.java:139)
at org.testng.internal.invokers.TestInvoker.invokeMethod(TestInvoker.java:664)
at org.testng.internal.invokers.TestInvoker.invokeTestMethod(TestInvoker.java:228)
at org.testng.internal.invokers.MethodRunner.runInSequence(MethodRunner.java:63)
at org.testng.internal.invokers.TestInvoker$MethodInvocationAgent.invoke(TestInvoker.java:961)
at org.testng.internal.invokers.TestInvoker.invokeTestMethods(TestInvoker.java:201)
at org.testng.internal.invokers.TestMethodWorker.invokeTestMethods(TestMethodWorker.java:148)
at org.testng.internal.invokers.TestMethodWorker.run(TestMethodWorker.java:128)
at java.base/java.util.ArrayList.forEach(ArrayList.java:1597)
at org.testng.TestRunner.privateRun(TestRunner.java:819)
at org.testng.TestRunner.run(TestRunner.java:619)
at org.testng.SuiteRunner.runTest(SuiteRunner.java:443)
at org.testng.SuiteRunner.runSequentially(SuiteRunner.java:437)
at org.testng.SuiteRunner.privateRun(SuiteRunner.java:397)
at org.testng.SuiteRunner.run(SuiteRunner.java:336)
at org.testng.SuiteRunnerWorker.runSuite(SuiteRunnerWorker.java:52)
at org.testng.SuiteRunnerWorker.run(SuiteRunnerWorker.java:95)
at org.testng.TestNG.runSuitesSequentially(TestNG.java:1301)
at org.testng.TestNG.runSuitesLocally(TestNG.java:1228)
at org.testng.TestNG.runSuites(TestNG.java:1134)
at org.testng.TestNG.run(TestNG.java:1101)
at org.testng.remote.AbstractRemoteTestNG.run(AbstractRemoteTestNG.java:115)
at org.testng.remote.RemoteTestNG.initAndRun(RemoteTestNG.java:293)
at org.testng.remote.RemoteTestNG.main(RemoteTestNG.java:91)
]]>
    </failure>
  </testcase> <!-- TC_PhienSuDungDaoImpl_updateTrangThai_GiaTriSai_Fail -->
</testsuite> <!-- ql.net.dao.impl.PhienSuDungDaoImplTest -->
